proguard/mapping.txt
android.support.v4.app.FragmentState$1 -> android.support.v4.app.ab:
    android.support.v4.app.FragmentState createFromParcel(android.os.Parcel) -> a
    android.support.v4.app.FragmentState[] newArray(int) -> a
    java.lang.Object[] newArray(int) -> newArray
    java.lang.Object createFromParcel(android.os.Parcel) -> createFromParcel
android.support.v4.app.FragmentTabHost -> android.support.v4.app.FragmentTabHost:
    java.util.ArrayList mTabs -> a
    android.content.Context mContext -> b
    android.support.v4.app.FragmentManager mFragmentManager -> c
    int mContainerId -> d
    android.widget.TabHost$OnTabChangeListener mOnTabChangeListener -> e
    android.support.v4.app.FragmentTabHost$TabInfo mLastTab -> f
    boolean mAttached -> g
    void setup() -> setup
    void setOnTabChangedListener(android.widget.TabHost$OnTabChangeListener) -> setOnTabChangedListener
    void onAttachedToWindow() -> onAttachedToWindow
    void onDetachedFromWindow() -> onDetachedFromWindow
    android.os.Parcelable onSaveInstanceState() -> onSaveInstanceState
    void onRestoreInstanceState(android.os.Parcelable) -> onRestoreInstanceState
    void onTabChanged(java.lang.String) -> onTabChanged
    android.support.v4.app.FragmentTransaction doTabChanged(java.lang.String,android.support.v4.app.FragmentTransaction) -> a
android.support.v4.app.FragmentTabHost$1 -> android.support.v4.app.ac:
android.support.v4.app.FragmentTabHost$SavedState -> android.support.v4.app.FragmentTabHost$SavedState:
    java.lang.String curTab -> a
    android.os.Parcelable$Creator CREATOR -> CREATOR
    void writeToParcel(android.os.Parcel,int) -> writeToParcel
    java.lang.String toString() -> toString
android.support.v4.app.FragmentTabHost$SavedState$1 -> android.support.v4.app.ad:
    android.support.v4.app.FragmentTabHost$SavedState createFromParcel(android.os.Parcel) -> a
    android.support.v4.app.FragmentTabHost$SavedState[] newArray(int) -> a
    java.lang.Object[] newArray(int) -> newArray
    java.lang.Object createFromParcel(android.os.Parcel) -> createFromParcel
android.support.v4.app.FragmentTabHost$TabInfo -> android.support.v4.app.ae:
    java.lang.String tag -> a
    java.lang.Class clss -> b
    android.os.Bundle args -> c
    android.support.v4.app.Fragment fragment -> d
    android.support.v4.app.Fragment access$102(android.support.v4.app.FragmentTabHost$TabInfo,android.support.v4.app.Fragment) -> a
    android.support.v4.app.Fragment access$100(android.support.v4.app.FragmentTabHost$TabInfo) -> a
    java.lang.String access$200(android.support.v4.app.FragmentTabHost$TabInfo) -> b
    java.lang.Class access$300(android.support.v4.app.FragmentTabHost$TabInfo) -> c
    android.os.Bundle access$400(android.support.v4.app.FragmentTabHost$TabInfo) -> d
android.support.v4.app.FragmentTransaction -> android.support.v4.app.af:
    android.support.v4.app.FragmentTransaction add(int,android.support.v4.app.Fragment,java.lang.String) -> a
    android.support.v4.app.FragmentTransaction detach(android.support.v4.app.Fragment) -> a
    android.support.v4.app.FragmentTransaction attach(android.support.v4.app.Fragment) -> b
    int commit() -> a
android.support.v4.app.LoaderManager -> android.support.v4.app.ag:
    boolean hasRunningLoaders() -> a
android.support.v4.app.LoaderManager$LoaderCallbacks -> android.support.v4.app.ah:
    android.support.v4.content.Loader onCreateLoader(int,android.os.Bundle) -> a
    void onLoadFinished(android.support.v4.content.Loader,java.lang.Object) -> a
    void onLoaderReset(android.support.v4.content.Loader) -> a