proguard/usage.txt
com.google.tagmanager.LRUCache$1
com.google.tagmanager.LanguageMacro
com.google.tagmanager.LessEqualsPredicate
com.google.tagmanager.LessThanPredicate
com.google.tagmanager.LoadCallback
com.google.tagmanager.LoadCallback$Failure
com.google.tagmanager.Log
com.google.tagmanager.Logger
com.google.tagmanager.Logger$LogLevel
com.google.tagmanager.MacroEvaluationInfoBuilder
com.google.tagmanager.MobileAdwordsUniqueIdMacro
com.google.tagmanager.NetworkClient
com.google.tagmanager.NetworkClientFactory
com.google.tagmanager.NetworkReceiver
com.google.tagmanager.NoOpLogger
com.google.tagmanager.NoopDataLayerEventEvaluationInfoBuilder
com.google.tagmanager.NoopEventInfoBuilder
com.google.tagmanager.NoopEventInfoDistributor
com.google.tagmanager.NoopMacroEvaluationInfoBuilder
com.google.tagmanager.NoopResolvedFunctionCallBuilder
com.google.tagmanager.NoopResolvedPropertyBuilder
com.google.tagmanager.NoopResolvedRuleBuilder
com.google.tagmanager.NoopResolvedRuleBuilder$NoopResolvedFunctionCallTranslatorList
com.google.tagmanager.NoopRuleEvaluationStepInfoBuilder
com.google.tagmanager.NoopValueBuilder
com.google.tagmanager.NumberPredicate
com.google.tagmanager.ObjectAndStatic
com.google.tagmanager.OsVersionMacro
com.google.tagmanager.PersistentHitStore
com.google.tagmanager.PersistentHitStore$1
com.google.tagmanager.PersistentHitStore$StoreDispatchListener
com.google.tagmanager.PersistentHitStore$UrlDatabaseHelper
com.google.tagmanager.PlatformMacro
com.google.tagmanager.Predicate
com.google.tagmanager.PreviewActivity
com.google.tagmanager.PreviewManager
com.google.tagmanager.PreviewManager$PreviewMode
com.google.tagmanager.ProtoExtensionRegistry
com.google.tagmanager.RandomMacro
com.google.tagmanager.RateLimiter
com.google.tagmanager.RegexGroupMacro
com.google.tagmanager.RegexPredicate
com.google.tagmanager.ResolutionMacro
com.google.tagmanager.ResolvedFunctionCallBuilder
com.google.tagmanager.ResolvedFunctionCallTranslatorList
com.google.tagmanager.ResolvedPropertyBuilder
com.google.tagmanager.ResolvedRuleBuilder
com.google.tagmanager.ResourceLoader
com.google.tagmanager.ResourceLoaderSchedulerImpl
com.google.tagmanager.ResourceLoaderSchedulerImpl$1
com.google.tagmanager.ResourceLoaderSchedulerImpl$2
com.google.tagmanager.ResourceLoaderSchedulerImpl$ResourceLoaderFactory
com.google.tagmanager.ResourceLoaderSchedulerImpl$ScheduledExecutorServiceFactory
com.google.tagmanager.ResourceStorageImpl
com.google.tagmanager.ResourceStorageImpl$1
com.google.tagmanager.ResourceStorageImpl$2
com.google.tagmanager.ResourceUtil
com.google.tagmanager.ResourceUtil$1
com.google.tagmanager.ResourceUtil$ExpandedFunctionCall
com.google.tagmanager.ResourceUtil$ExpandedFunctionCallBuilder
com.google.tagmanager.ResourceUtil$ExpandedResource
com.google.tagmanager.ResourceUtil$ExpandedResourceBuilder
com.google.tagmanager.ResourceUtil$ExpandedRule
com.google.tagmanager.ResourceUtil$ExpandedRuleBuilder
com.google.tagmanager.ResourceUtil$InvalidResourceException
com.google.tagmanager.RuleEvaluationStepInfoBuilder
com.google.tagmanager.Runtime
com.google.tagmanager.Runtime$1
com.google.tagmanager.Runtime$2
com.google.tagmanager.Runtime$3
com.google.tagmanager.Runtime$4
com.google.tagmanager.Runtime$5
com.google.tagmanager.Runtime$AddRemoveSetPopulator
com.google.tagmanager.Runtime$MacroInfo
com.google.tagmanager.RuntimeVersionMacro
com.google.tagmanager.SdkVersionMacro
com.google.tagmanager.SendHitRateLimiter
com.google.tagmanager.ServiceManager
com.google.tagmanager.ServiceManagerImpl
com.google.tagmanager.ServiceManagerImpl$1
com.google.tagmanager.ServiceManagerImpl$2
com.google.tagmanager.ServiceManagerImpl$3
com.google.tagmanager.SharedPreferencesUtil
com.google.tagmanager.SharedPreferencesUtil$1
com.google.tagmanager.SimpleCache
com.google.tagmanager.SimpleNetworkDispatcher
com.google.tagmanager.SimpleNetworkDispatcher$DispatchListener
com.google.tagmanager.StartsWithPredicate
com.google.tagmanager.StringPredicate
com.google.tagmanager.TagManager